  [1m[35m (1904.4ms)[0m  [1m[35mCREATE DATABASE "Flashcard-App_development" ENCODING = 'unicode'[0m
  ↳ bin/rails:9
  [1m[35m (4279.7ms)[0m  [1m[35mCREATE DATABASE "Flashcard-App_test" ENCODING = 'unicode'[0m
  ↳ bin/rails:9
Started GET "/decks" for 127.0.0.1 at 2018-05-27 13:21:57 -0400
Processing by DecksController#index as */*
Completed 200 OK in 1ms (Views: 0.2ms | ActiveRecord: 0.0ms)


Started GET "/decks" for 127.0.0.1 at 2018-05-27 13:33:41 -0400
Processing by DecksController#index as */*
Completed 200 OK in 1ms (Views: 0.2ms | ActiveRecord: 0.0ms)


Started GET "/decks" for 127.0.0.1 at 2018-05-27 13:34:21 -0400
Processing by DecksController#index as */*
Completed 200 OK in 1ms (Views: 0.1ms | ActiveRecord: 0.0ms)


Started GET "/decks" for 127.0.0.1 at 2018-05-27 13:36:44 -0400
Processing by DecksController#index as */*
Completed 200 OK in 1ms (Views: 0.2ms | ActiveRecord: 0.0ms)


Started GET "/decks" for 127.0.0.1 at 2018-05-27 13:49:58 -0400
Processing by DecksController#index as */*
Completed 200 OK in 2ms (Views: 0.2ms | ActiveRecord: 0.0ms)


Started GET "/decks" for 127.0.0.1 at 2018-05-27 13:50:21 -0400
Processing by DecksController#index as */*
Completed 200 OK in 0ms (Views: 0.1ms | ActiveRecord: 0.0ms)


Started GET "/decks" for 127.0.0.1 at 2018-05-27 13:51:02 -0400
Processing by DecksController#index as */*
Completed 200 OK in 0ms (Views: 0.1ms | ActiveRecord: 0.0ms)


Started GET "/decks" for 127.0.0.1 at 2018-05-27 19:02:29 -0400
Processing by DecksController#index as */*
Completed 200 OK in 2ms (Views: 0.3ms | ActiveRecord: 0.0ms)


Started GET "/decks" for 127.0.0.1 at 2018-05-27 19:02:55 -0400
Processing by DecksController#index as */*
Completed 200 OK in 0ms (Views: 0.1ms | ActiveRecord: 0.0ms)


Started GET "/decks" for 127.0.0.1 at 2018-05-27 19:03:12 -0400
Processing by DecksController#index as */*
Completed 200 OK in 0ms (Views: 0.1ms | ActiveRecord: 0.0ms)


Started GET "/decks" for 127.0.0.1 at 2018-05-27 19:11:46 -0400
Processing by DecksController#index as */*
Completed 200 OK in 4ms (Views: 1.0ms | ActiveRecord: 0.0ms)


Started GET "/decks" for 127.0.0.1 at 2018-05-27 19:11:54 -0400
Processing by DecksController#index as */*
Completed 200 OK in 0ms (Views: 0.1ms | ActiveRecord: 0.0ms)


Started GET "/decks" for 127.0.0.1 at 2018-05-27 19:12:16 -0400
Processing by DecksController#index as */*
Completed 200 OK in 0ms (Views: 0.1ms | ActiveRecord: 0.0ms)


Started GET "/decks" for 127.0.0.1 at 2018-05-27 19:12:36 -0400
Processing by DecksController#index as */*
Completed 200 OK in 1ms (Views: 0.1ms | ActiveRecord: 0.0ms)


Started GET "/decks" for 127.0.0.1 at 2018-05-27 19:12:40 -0400
Processing by DecksController#index as */*
Completed 200 OK in 0ms (Views: 0.1ms | ActiveRecord: 0.0ms)


Started GET "/decks" for 127.0.0.1 at 2018-05-27 19:12:44 -0400
Processing by DecksController#index as */*
Completed 200 OK in 0ms (Views: 0.1ms | ActiveRecord: 0.0ms)


Started GET "/decks" for 127.0.0.1 at 2018-05-28 18:28:18 -0400
Processing by DecksController#index as */*
Completed 200 OK in 1ms (Views: 0.2ms | ActiveRecord: 0.0ms)


Started GET "/decks" for 127.0.0.1 at 2018-05-28 18:29:45 -0400
Processing by DecksController#index as */*
Completed 200 OK in 1ms (Views: 0.1ms | ActiveRecord: 0.0ms)


Started GET "/decks" for 127.0.0.1 at 2018-05-28 18:30:01 -0400
Processing by DecksController#index as */*
Completed 200 OK in 0ms (Views: 0.1ms | ActiveRecord: 0.0ms)


Started GET "/decks" for 127.0.0.1 at 2018-05-28 18:30:04 -0400
Processing by DecksController#index as */*
Completed 200 OK in 4ms (Views: 0.1ms | ActiveRecord: 0.0ms)


Started GET "/decks" for 127.0.0.1 at 2018-05-28 18:30:57 -0400
Processing by DecksController#index as */*
Completed 200 OK in 0ms (Views: 0.1ms | ActiveRecord: 0.0ms)


Started GET "/decks" for 127.0.0.1 at 2018-05-28 18:31:20 -0400
Processing by DecksController#index as */*
Completed 200 OK in 0ms (Views: 0.1ms | ActiveRecord: 0.0ms)


Started GET "/decks" for 127.0.0.1 at 2018-05-28 18:31:26 -0400
Processing by DecksController#index as */*
Completed 200 OK in 0ms (Views: 0.1ms | ActiveRecord: 0.0ms)


Started GET "/decks" for 127.0.0.1 at 2018-05-28 18:31:41 -0400
Processing by DecksController#index as */*
Completed 200 OK in 0ms (Views: 0.1ms | ActiveRecord: 0.0ms)


Started GET "/decks" for 127.0.0.1 at 2018-05-28 18:32:03 -0400
Processing by DecksController#index as */*
Completed 200 OK in 0ms (Views: 0.1ms | ActiveRecord: 0.0ms)


Started GET "/decks" for 127.0.0.1 at 2018-05-28 18:32:40 -0400
Processing by DecksController#index as */*
Completed 200 OK in 0ms (Views: 0.2ms | ActiveRecord: 0.0ms)


Started GET "/decks" for 127.0.0.1 at 2018-05-28 18:32:43 -0400
Processing by DecksController#index as */*
Completed 200 OK in 0ms (Views: 0.1ms | ActiveRecord: 0.0ms)


Started GET "/decks" for 127.0.0.1 at 2018-05-28 18:33:01 -0400
Processing by DecksController#index as */*
Completed 200 OK in 0ms (Views: 0.1ms | ActiveRecord: 0.0ms)


Started GET "/decks" for 127.0.0.1 at 2018-05-28 18:33:13 -0400
Processing by DecksController#index as */*
Completed 200 OK in 0ms (Views: 0.1ms | ActiveRecord: 0.0ms)


Started GET "/decks" for 127.0.0.1 at 2018-05-28 18:33:19 -0400
Processing by DecksController#index as */*
Completed 200 OK in 0ms (Views: 0.1ms | ActiveRecord: 0.0ms)


Started GET "/decks" for 127.0.0.1 at 2018-05-28 18:33:23 -0400
Processing by DecksController#index as */*
Completed 200 OK in 0ms (Views: 0.1ms | ActiveRecord: 0.0ms)


Started GET "/decks" for 127.0.0.1 at 2018-05-28 18:33:41 -0400
Processing by DecksController#index as */*
Completed 200 OK in 0ms (Views: 0.1ms | ActiveRecord: 0.0ms)


Started GET "/decks" for 127.0.0.1 at 2018-05-28 18:33:45 -0400
Processing by DecksController#index as */*
Completed 200 OK in 0ms (Views: 0.1ms | ActiveRecord: 0.0ms)


Started GET "/decks" for 127.0.0.1 at 2018-05-28 18:34:42 -0400
Processing by DecksController#index as */*
Completed 200 OK in 1ms (Views: 0.2ms | ActiveRecord: 0.0ms)


Started GET "/decks" for 127.0.0.1 at 2018-05-28 18:35:16 -0400
Processing by DecksController#index as */*
Completed 200 OK in 1ms (Views: 0.1ms | ActiveRecord: 0.0ms)


Started GET "/decks" for 127.0.0.1 at 2018-05-28 18:36:06 -0400
Processing by DecksController#index as */*
Completed 200 OK in 0ms (Views: 0.2ms | ActiveRecord: 0.0ms)


Started GET "/decks" for 127.0.0.1 at 2018-05-28 18:36:20 -0400
Processing by DecksController#index as */*
Completed 200 OK in 0ms (Views: 0.1ms | ActiveRecord: 0.0ms)


Started GET "/decks" for 127.0.0.1 at 2018-05-28 18:36:39 -0400
Processing by DecksController#index as */*
Completed 200 OK in 0ms (Views: 0.1ms | ActiveRecord: 0.0ms)


Started GET "/decks" for 127.0.0.1 at 2018-05-28 18:36:50 -0400
Processing by DecksController#index as */*
Completed 200 OK in 0ms (Views: 0.1ms | ActiveRecord: 0.0ms)


Started GET "/decks" for 127.0.0.1 at 2018-05-28 18:37:03 -0400
Processing by DecksController#index as */*
Completed 200 OK in 0ms (Views: 0.1ms | ActiveRecord: 0.0ms)


Started GET "/decks" for 127.0.0.1 at 2018-05-28 18:37:17 -0400
Processing by DecksController#index as */*
Completed 200 OK in 0ms (Views: 0.1ms | ActiveRecord: 0.0ms)


Started GET "/decks" for 127.0.0.1 at 2018-05-28 18:37:34 -0400
Processing by DecksController#index as */*
Completed 200 OK in 0ms (Views: 0.1ms | ActiveRecord: 0.0ms)


Started GET "/decks" for 127.0.0.1 at 2018-05-28 18:38:03 -0400
Processing by DecksController#index as */*
Completed 200 OK in 0ms (Views: 0.1ms | ActiveRecord: 0.0ms)


Started GET "/decks" for 127.0.0.1 at 2018-05-28 18:38:24 -0400
Processing by DecksController#index as */*
Completed 200 OK in 0ms (Views: 0.1ms | ActiveRecord: 0.0ms)


Started GET "/decks" for 127.0.0.1 at 2018-05-28 18:38:55 -0400
Processing by DecksController#index as */*
Completed 200 OK in 0ms (Views: 0.1ms | ActiveRecord: 0.0ms)


Started GET "/decks" for 127.0.0.1 at 2018-05-28 18:38:58 -0400
Processing by DecksController#index as */*
Completed 200 OK in 0ms (Views: 0.1ms | ActiveRecord: 0.0ms)


Started GET "/decks" for 127.0.0.1 at 2018-05-28 18:39:15 -0400
Processing by DecksController#index as */*
Completed 200 OK in 5ms (Views: 1.2ms | ActiveRecord: 0.0ms)


Started GET "/decks" for 127.0.0.1 at 2018-05-28 18:40:48 -0400
Processing by DecksController#index as */*
Completed 200 OK in 1ms (Views: 0.2ms | ActiveRecord: 0.0ms)


Started GET "/decks" for 127.0.0.1 at 2018-05-28 18:41:48 -0400
Processing by DecksController#index as */*
Completed 200 OK in 1ms (Views: 0.1ms | ActiveRecord: 0.0ms)


Started GET "/decks" for 127.0.0.1 at 2018-05-28 18:42:04 -0400
Processing by DecksController#index as */*
Completed 200 OK in 0ms (Views: 0.1ms | ActiveRecord: 0.0ms)


Started GET "/decks" for 127.0.0.1 at 2018-05-28 18:45:32 -0400
Processing by DecksController#index as */*
Completed 200 OK in 6ms (Views: 2.0ms | ActiveRecord: 0.0ms)


Started GET "/decks" for 127.0.0.1 at 2018-05-28 18:45:38 -0400
Processing by DecksController#index as */*
Completed 200 OK in 1ms (Views: 0.1ms | ActiveRecord: 0.0ms)


Started GET "/decks" for 127.0.0.1 at 2018-05-28 18:45:49 -0400
Processing by DecksController#index as */*
Completed 200 OK in 0ms (Views: 0.1ms | ActiveRecord: 0.0ms)


Started GET "/decks" for 127.0.0.1 at 2018-05-28 19:01:28 -0400
Processing by DecksController#index as */*
Completed 200 OK in 3ms (Views: 0.8ms | ActiveRecord: 0.0ms)


Started GET "/decks" for 127.0.0.1 at 2018-05-28 19:06:27 -0400
Processing by DecksController#index as */*
Completed 200 OK in 0ms (Views: 0.1ms | ActiveRecord: 0.0ms)


Started GET "/decks" for 127.0.0.1 at 2018-05-28 19:07:32 -0400
Processing by DecksController#index as */*
Completed 200 OK in 1ms (Views: 0.2ms | ActiveRecord: 0.0ms)


Started GET "/decks" for 127.0.0.1 at 2018-05-28 19:07:37 -0400
Processing by DecksController#index as */*
Completed 200 OK in 0ms (Views: 0.1ms | ActiveRecord: 0.0ms)


Started GET "/decks" for 127.0.0.1 at 2018-05-28 19:08:38 -0400
Processing by DecksController#index as */*
Completed 200 OK in 0ms (Views: 0.1ms | ActiveRecord: 0.0ms)


Started GET "/decks" for 127.0.0.1 at 2018-05-28 19:09:37 -0400
Processing by DecksController#index as */*
Completed 200 OK in 0ms (Views: 0.1ms | ActiveRecord: 0.0ms)


Started GET "/decks" for 127.0.0.1 at 2018-05-28 19:09:43 -0400
Processing by DecksController#index as */*
Completed 200 OK in 0ms (Views: 0.1ms | ActiveRecord: 0.0ms)


Started GET "/decks" for 127.0.0.1 at 2018-05-28 19:10:23 -0400
Processing by DecksController#index as */*
Completed 200 OK in 1ms (Views: 0.2ms | ActiveRecord: 0.0ms)


Started GET "/decks" for 127.0.0.1 at 2018-05-28 19:12:33 -0400
Processing by DecksController#index as */*
Completed 200 OK in 0ms (Views: 0.1ms | ActiveRecord: 0.0ms)


Started GET "/decks" for 127.0.0.1 at 2018-05-28 19:12:38 -0400
Processing by DecksController#index as */*
Completed 200 OK in 0ms (Views: 0.1ms | ActiveRecord: 0.0ms)


Started GET "/decks" for 127.0.0.1 at 2018-05-28 19:13:33 -0400
Processing by DecksController#index as */*
Completed 200 OK in 7ms (Views: 1.6ms | ActiveRecord: 0.0ms)


Started GET "/decks" for 127.0.0.1 at 2018-05-28 19:13:37 -0400
Processing by DecksController#index as */*
Completed 200 OK in 0ms (Views: 0.1ms | ActiveRecord: 0.0ms)


Started GET "/decks" for 127.0.0.1 at 2018-05-28 19:13:43 -0400
Processing by DecksController#index as */*
Completed 200 OK in 0ms (Views: 0.1ms | ActiveRecord: 0.0ms)


Started GET "/decks" for 127.0.0.1 at 2018-05-28 19:13:48 -0400
Processing by DecksController#index as */*
Completed 200 OK in 0ms (Views: 0.1ms | ActiveRecord: 0.0ms)


Started GET "/decks" for 127.0.0.1 at 2018-05-28 19:14:30 -0400
Processing by DecksController#index as */*
Completed 200 OK in 1ms (Views: 0.2ms | ActiveRecord: 0.0ms)


Started GET "/decks" for 127.0.0.1 at 2018-05-28 19:14:55 -0400
Processing by DecksController#index as */*
Completed 200 OK in 1ms (Views: 0.2ms | ActiveRecord: 0.0ms)


Started GET "/decks" for 127.0.0.1 at 2018-05-28 19:14:57 -0400
Processing by DecksController#index as */*
Completed 200 OK in 0ms (Views: 0.1ms | ActiveRecord: 0.0ms)


Started GET "/decks" for 127.0.0.1 at 2018-05-28 19:15:51 -0400
Processing by DecksController#index as */*
Completed 200 OK in 0ms (Views: 0.1ms | ActiveRecord: 0.0ms)


Started GET "/decks" for 127.0.0.1 at 2018-05-28 19:15:58 -0400
Processing by DecksController#index as */*
Completed 200 OK in 0ms (Views: 0.1ms | ActiveRecord: 0.0ms)


Started GET "/decks" for 127.0.0.1 at 2018-05-28 19:16:07 -0400
Processing by DecksController#index as */*
Completed 200 OK in 0ms (Views: 0.1ms | ActiveRecord: 0.0ms)


Started GET "/decks" for 127.0.0.1 at 2018-05-28 19:17:35 -0400
Processing by DecksController#index as */*
Completed 200 OK in 1ms (Views: 0.3ms | ActiveRecord: 0.0ms)


Started GET "/decks" for 127.0.0.1 at 2018-05-28 19:18:57 -0400
Processing by DecksController#index as */*
Completed 200 OK in 1ms (Views: 0.1ms | ActiveRecord: 0.0ms)


Started GET "/decks" for 127.0.0.1 at 2018-05-28 19:19:16 -0400
Processing by DecksController#index as */*
Completed 200 OK in 0ms (Views: 0.1ms | ActiveRecord: 0.0ms)


Started GET "/decks" for 127.0.0.1 at 2018-05-28 19:19:19 -0400
Processing by DecksController#index as */*
Completed 200 OK in 0ms (Views: 0.1ms | ActiveRecord: 0.0ms)


Started GET "/decks" for 127.0.0.1 at 2018-05-28 19:20:13 -0400
Processing by DecksController#index as */*
Completed 200 OK in 6ms (Views: 1.5ms | ActiveRecord: 0.0ms)


Started GET "/decks" for 127.0.0.1 at 2018-05-28 19:22:10 -0400
Processing by DecksController#index as */*
Completed 200 OK in 0ms (Views: 0.1ms | ActiveRecord: 0.0ms)


Started GET "/decks" for 127.0.0.1 at 2018-05-28 19:22:27 -0400
Processing by DecksController#index as */*
Completed 200 OK in 0ms (Views: 0.1ms | ActiveRecord: 0.0ms)


Started GET "/decks" for 127.0.0.1 at 2018-05-28 19:22:29 -0400
Processing by DecksController#index as */*
Completed 200 OK in 0ms (Views: 0.2ms | ActiveRecord: 0.0ms)


Started GET "/decks" for 127.0.0.1 at 2018-05-28 19:23:31 -0400
Processing by DecksController#index as */*
Completed 200 OK in 13ms (Views: 2.3ms | ActiveRecord: 0.0ms)


Started GET "/decks" for 127.0.0.1 at 2018-05-28 19:24:54 -0400
Processing by DecksController#index as */*
Completed 200 OK in 1ms (Views: 0.3ms | ActiveRecord: 0.0ms)


Started GET "/decks" for 127.0.0.1 at 2018-05-28 19:25:10 -0400
Processing by DecksController#index as */*
Completed 200 OK in 0ms (Views: 0.1ms | ActiveRecord: 0.0ms)


Started GET "/decks" for 127.0.0.1 at 2018-05-28 19:26:00 -0400
Processing by DecksController#index as */*
Completed 200 OK in 0ms (Views: 0.1ms | ActiveRecord: 0.0ms)


Started GET "/decks" for 127.0.0.1 at 2018-05-28 19:26:22 -0400
Processing by DecksController#index as */*
Completed 200 OK in 0ms (Views: 0.1ms | ActiveRecord: 0.0ms)


Started GET "/decks" for 127.0.0.1 at 2018-05-28 19:26:35 -0400
Processing by DecksController#index as */*
Completed 200 OK in 0ms (Views: 0.1ms | ActiveRecord: 0.0ms)


Started GET "/decks" for 127.0.0.1 at 2018-05-28 19:26:41 -0400
Processing by DecksController#index as */*
Completed 200 OK in 0ms (Views: 0.2ms | ActiveRecord: 0.0ms)


Started GET "/decks" for 127.0.0.1 at 2018-05-28 19:27:07 -0400
Processing by DecksController#index as */*
Completed 200 OK in 0ms (Views: 0.1ms | ActiveRecord: 0.0ms)


Started GET "/decks" for 127.0.0.1 at 2018-05-28 19:27:11 -0400
Processing by DecksController#index as */*
Completed 200 OK in 0ms (Views: 0.1ms | ActiveRecord: 0.0ms)


Started GET "/decks" for 127.0.0.1 at 2018-05-28 19:27:14 -0400
Processing by DecksController#index as */*
Completed 200 OK in 0ms (Views: 0.1ms | ActiveRecord: 0.0ms)


Started GET "/decks" for 127.0.0.1 at 2018-05-28 19:28:40 -0400
Processing by DecksController#index as */*
Completed 200 OK in 6ms (Views: 1.4ms | ActiveRecord: 0.0ms)


Started GET "/decks" for 127.0.0.1 at 2018-05-28 19:29:58 -0400
Processing by DecksController#index as */*
Completed 200 OK in 1ms (Views: 0.2ms | ActiveRecord: 0.0ms)


Started GET "/decks" for 127.0.0.1 at 2018-05-28 19:30:31 -0400
Processing by DecksController#index as */*
Completed 200 OK in 0ms (Views: 0.1ms | ActiveRecord: 0.0ms)


Started GET "/decks" for 127.0.0.1 at 2018-05-28 19:30:38 -0400
Processing by DecksController#index as */*
Completed 200 OK in 1ms (Views: 0.8ms | ActiveRecord: 0.0ms)


Started GET "/decks" for 127.0.0.1 at 2018-05-28 19:32:27 -0400
Processing by DecksController#index as */*
Completed 200 OK in 7ms (Views: 1.2ms | ActiveRecord: 0.0ms)


Started GET "/decks" for 127.0.0.1 at 2018-05-28 19:32:42 -0400
Processing by DecksController#index as */*
Completed 200 OK in 1ms (Views: 0.6ms | ActiveRecord: 0.0ms)


Started GET "/decks" for 127.0.0.1 at 2018-05-28 19:33:20 -0400
Processing by DecksController#index as */*
Completed 200 OK in 0ms (Views: 0.1ms | ActiveRecord: 0.0ms)


Started GET "/decks" for 127.0.0.1 at 2018-05-28 19:33:22 -0400
Processing by DecksController#index as */*
Completed 200 OK in 0ms (Views: 0.1ms | ActiveRecord: 0.0ms)


Started GET "/decks" for 127.0.0.1 at 2018-05-28 19:34:34 -0400
Processing by DecksController#index as */*
Completed 200 OK in 0ms (Views: 0.1ms | ActiveRecord: 0.0ms)


Started GET "/decks" for 127.0.0.1 at 2018-05-28 19:41:51 -0400
Processing by DecksController#index as */*
Completed 200 OK in 3ms (Views: 0.7ms | ActiveRecord: 0.0ms)


Started GET "/decks" for 127.0.0.1 at 2018-05-28 19:47:55 -0400
Processing by DecksController#index as */*
Completed 200 OK in 4ms (Views: 0.8ms | ActiveRecord: 0.0ms)


Started GET "/decks" for 127.0.0.1 at 2018-05-28 19:47:59 -0400
Processing by DecksController#index as */*
Completed 200 OK in 0ms (Views: 0.1ms | ActiveRecord: 0.0ms)


Started GET "/decks" for 127.0.0.1 at 2018-05-28 19:48:02 -0400
Processing by DecksController#index as */*
Completed 200 OK in 0ms (Views: 0.1ms | ActiveRecord: 0.0ms)


Started GET "/decks" for 127.0.0.1 at 2018-05-28 19:49:22 -0400
Processing by DecksController#index as */*
Completed 200 OK in 0ms (Views: 0.1ms | ActiveRecord: 0.0ms)


Started GET "/decks" for 127.0.0.1 at 2018-05-28 19:49:42 -0400
Processing by DecksController#index as */*
Completed 200 OK in 1ms (Views: 0.1ms | ActiveRecord: 0.0ms)


Started GET "/decks" for 127.0.0.1 at 2018-05-28 19:49:43 -0400
Processing by DecksController#index as */*
Completed 200 OK in 0ms (Views: 0.1ms | ActiveRecord: 0.0ms)


Started GET "/decks" for 127.0.0.1 at 2018-05-28 19:49:49 -0400
Processing by DecksController#index as */*
Completed 200 OK in 0ms (Views: 0.1ms | ActiveRecord: 0.0ms)


Started GET "/decks" for 127.0.0.1 at 2018-05-28 20:45:38 -0400
Processing by DecksController#index as */*
Completed 200 OK in 3ms (Views: 0.8ms | ActiveRecord: 0.0ms)


Started GET "/decks" for 127.0.0.1 at 2018-05-28 20:45:46 -0400
Processing by DecksController#index as */*
Completed 200 OK in 3ms (Views: 0.2ms | ActiveRecord: 0.0ms)


Started GET "/decks" for 127.0.0.1 at 2018-05-28 22:14:48 -0400
Processing by DecksController#index as */*
Completed 200 OK in 3ms (Views: 0.8ms | ActiveRecord: 0.0ms)


Started GET "/decks" for 127.0.0.1 at 2018-05-28 22:15:14 -0400
Processing by DecksController#index as */*
Completed 200 OK in 1ms (Views: 0.1ms | ActiveRecord: 0.0ms)


Started GET "/decks" for 127.0.0.1 at 2018-05-28 22:15:18 -0400
Processing by DecksController#index as */*
Completed 200 OK in 1ms (Views: 0.1ms | ActiveRecord: 0.0ms)


Started GET "/decks" for 127.0.0.1 at 2018-05-28 22:15:23 -0400
Processing by DecksController#index as */*
Completed 200 OK in 0ms (Views: 0.1ms | ActiveRecord: 0.0ms)


Started GET "/decks" for 127.0.0.1 at 2018-05-28 22:16:37 -0400
Processing by DecksController#index as */*
Completed 200 OK in 4ms (Views: 1.0ms | ActiveRecord: 0.0ms)


Started GET "/decks" for 127.0.0.1 at 2018-05-28 22:19:34 -0400
Processing by DecksController#index as */*
Completed 200 OK in 1ms (Views: 0.3ms | ActiveRecord: 0.0ms)


Started GET "/decks" for 127.0.0.1 at 2018-05-28 22:19:48 -0400
Processing by DecksController#index as */*
Completed 200 OK in 0ms (Views: 0.1ms | ActiveRecord: 0.0ms)


Started GET "/decks" for 127.0.0.1 at 2018-05-28 22:20:37 -0400
Processing by DecksController#index as */*
Completed 200 OK in 0ms (Views: 0.1ms | ActiveRecord: 0.0ms)


Started GET "/decks" for 127.0.0.1 at 2018-05-28 22:21:32 -0400
Processing by DecksController#index as */*
Completed 200 OK in 0ms (Views: 0.1ms | ActiveRecord: 0.0ms)


Started GET "/decks" for 127.0.0.1 at 2018-05-28 22:24:06 -0400
Processing by DecksController#index as */*
Completed 200 OK in 1ms (Views: 0.3ms | ActiveRecord: 0.0ms)


Started GET "/decks" for 127.0.0.1 at 2018-05-28 22:25:18 -0400
Processing by DecksController#index as */*
Completed 200 OK in 6ms (Views: 1.9ms | ActiveRecord: 0.0ms)


Started GET "/decks" for 127.0.0.1 at 2018-05-28 22:28:01 -0400
Processing by DecksController#index as */*
Completed 200 OK in 1ms (Views: 0.2ms | ActiveRecord: 0.0ms)


Started GET "/decks" for 127.0.0.1 at 2018-05-28 22:28:14 -0400
Processing by DecksController#index as */*
Completed 200 OK in 1ms (Views: 0.3ms | ActiveRecord: 0.0ms)


Started GET "/decks" for 127.0.0.1 at 2018-05-28 22:28:18 -0400
Processing by DecksController#index as */*
Completed 200 OK in 1ms (Views: 0.3ms | ActiveRecord: 0.0ms)


Started GET "/decks" for 127.0.0.1 at 2018-05-28 22:28:29 -0400
Processing by DecksController#index as */*
Completed 200 OK in 2ms (Views: 0.2ms | ActiveRecord: 0.0ms)


Started GET "/decks" for 127.0.0.1 at 2018-05-28 22:28:45 -0400
Processing by DecksController#index as */*
Completed 200 OK in 1ms (Views: 0.8ms | ActiveRecord: 0.0ms)


Started GET "/decks" for 127.0.0.1 at 2018-05-28 22:28:47 -0400
Processing by DecksController#index as */*
Completed 200 OK in 51ms (Views: 0.2ms | ActiveRecord: 0.0ms)


Started GET "/decks" for 127.0.0.1 at 2018-05-28 22:32:01 -0400
Processing by DecksController#index as */*
Completed 200 OK in 7ms (Views: 2.5ms | ActiveRecord: 0.0ms)


Started GET "/decks" for 127.0.0.1 at 2018-05-28 22:32:44 -0400
Processing by DecksController#index as */*
Completed 200 OK in 0ms (Views: 0.1ms | ActiveRecord: 0.0ms)


Started GET "/decks" for 127.0.0.1 at 2018-05-28 22:33:08 -0400
Processing by DecksController#index as */*
Completed 200 OK in 1ms (Views: 0.1ms | ActiveRecord: 0.0ms)


Started GET "/decks" for 127.0.0.1 at 2018-05-28 22:33:23 -0400
Processing by DecksController#index as */*
Completed 200 OK in 1ms (Views: 0.1ms | ActiveRecord: 0.0ms)


Started GET "/decks" for 127.0.0.1 at 2018-05-28 22:33:30 -0400
Processing by DecksController#index as */*
Completed 200 OK in 0ms (Views: 0.1ms | ActiveRecord: 0.0ms)


Started GET "/decks" for 127.0.0.1 at 2018-05-28 22:35:44 -0400
Processing by DecksController#index as */*
Completed 200 OK in 7ms (Views: 1.7ms | ActiveRecord: 0.0ms)


Started GET "/decks" for 127.0.0.1 at 2018-05-28 22:36:19 -0400
Processing by DecksController#index as */*
Completed 200 OK in 1ms (Views: 0.2ms | ActiveRecord: 0.0ms)


Started GET "/decks" for 127.0.0.1 at 2018-05-28 22:47:04 -0400
Processing by DecksController#index as */*
Completed 200 OK in 3ms (Views: 0.9ms | ActiveRecord: 0.0ms)


Started GET "/decks" for 127.0.0.1 at 2018-05-28 23:56:20 -0400
Processing by DecksController#index as */*
Completed 200 OK in 3ms (Views: 0.8ms | ActiveRecord: 0.0ms)


  [1m[35m (91.6ms)[0m  [1m[35mCREATE DATABASE "Flashcard-App_development" ENCODING = 'unicode'[0m
  ↳ bin/rails:9
  [1m[35m (0.5ms)[0m  [1m[35mCREATE DATABASE "Flashcard-App_test" ENCODING = 'unicode'[0m
  ↳ bin/rails:9
  [1m[35m (544.0ms)[0m  [1m[35mCREATE TABLE "schema_migrations" ("version" character varying NOT NULL PRIMARY KEY)[0m
  ↳ bin/rails:9
  [1m[35m (81.2ms)[0m  [1m[35mCREATE TABLE "ar_internal_metadata" ("key" character varying NOT NULL PRIMARY KEY, "value" character varying, "created_at" timestamp NOT NULL, "updated_at" timestamp NOT NULL)[0m
  ↳ bin/rails:9
  [1m[35m (0.7ms)[0m  [1m[34mSELECT pg_try_advisory_lock(4207878872305656450)[0m
  ↳ bin/rails:9
  [1m[35m (14.8ms)[0m  [1m[34mSELECT "schema_migrations"."version" FROM "schema_migrations" ORDER BY "schema_migrations"."version" ASC[0m
  ↳ bin/rails:9
Migrating to CreateDecks (20180529144655)
  [1m[35m (0.3ms)[0m  [1m[35mBEGIN[0m
  ↳ bin/rails:9
  [1m[35m (115.0ms)[0m  [1m[35mCREATE TABLE "decks" ("id" bigserial primary key, "created_at" timestamp NOT NULL, "updated_at" timestamp NOT NULL)[0m
  ↳ db/migrate/20180529144655_create_decks.rb:3
  [1m[36mActiveRecord::SchemaMigration Create (32.4ms)[0m  [1m[32mINSERT INTO "schema_migrations" ("version") VALUES ($1) RETURNING "version"[0m  [["version", "20180529144655"]]
  ↳ bin/rails:9
  [1m[35m (0.8ms)[0m  [1m[35mCOMMIT[0m
  ↳ bin/rails:9
  [1m[36mActiveRecord::InternalMetadata Load (0.8ms)[0m  [1m[34mSELECT  "ar_internal_metadata".* FROM "ar_internal_metadata" WHERE "ar_internal_metadata"."key" = $1 LIMIT $2[0m  [["key", "environment"], ["LIMIT", 1]]
  ↳ bin/rails:9
  [1m[35m (0.2ms)[0m  [1m[35mBEGIN[0m
  ↳ bin/rails:9
  [1m[36mActiveRecord::InternalMetadata Create (14.1ms)[0m  [1m[32mINSERT INTO "ar_internal_metadata" ("key", "value", "created_at", "updated_at") VALUES ($1, $2, $3, $4) RETURNING "key"[0m  [["key", "environment"], ["value", "development"], ["created_at", "2018-05-29 14:55:09.541072"], ["updated_at", "2018-05-29 14:55:09.541072"]]
  ↳ bin/rails:9
  [1m[35m (0.5ms)[0m  [1m[35mCOMMIT[0m
  ↳ bin/rails:9
  [1m[35m (0.2ms)[0m  [1m[34mSELECT pg_advisory_unlock(4207878872305656450)[0m
  ↳ bin/rails:9
  [1m[35m (0.2ms)[0m  [1m[34mSELECT "schema_migrations"."version" FROM "schema_migrations" ORDER BY "schema_migrations"."version" ASC[0m
  ↳ bin/rails:9
  [1m[35m (12.2ms)[0m  [1m[35mCREATE DATABASE "Flashcard-App_development" ENCODING = 'unicode'[0m
  ↳ bin/rails:9
  [1m[35m (0.9ms)[0m  [1m[35mCREATE DATABASE "Flashcard-App_test" ENCODING = 'unicode'[0m
  ↳ bin/rails:9
  [1m[35m (0.6ms)[0m  [1m[35mCREATE DATABASE "Flashcard-App_development" ENCODING = 'unicode'[0m
  ↳ bin/rails:9
  [1m[35m (0.9ms)[0m  [1m[35mCREATE DATABASE "Flashcard-App_test" ENCODING = 'unicode'[0m
  ↳ bin/rails:9
  [1m[35m (0.2ms)[0m  [1m[34mSELECT pg_try_advisory_lock(4207878872305656450)[0m
  ↳ bin/rails:9
  [1m[35m (0.6ms)[0m  [1m[34mSELECT "schema_migrations"."version" FROM "schema_migrations" ORDER BY "schema_migrations"."version" ASC[0m
  ↳ bin/rails:9
  [1m[36mActiveRecord::InternalMetadata Load (41.8ms)[0m  [1m[34mSELECT  "ar_internal_metadata".* FROM "ar_internal_metadata" WHERE "ar_internal_metadata"."key" = $1 LIMIT $2[0m  [["key", "environment"], ["LIMIT", 1]]
  ↳ bin/rails:9
  [1m[35m (0.3ms)[0m  [1m[35mBEGIN[0m
  ↳ bin/rails:9
  [1m[35m (0.2ms)[0m  [1m[35mCOMMIT[0m
  ↳ bin/rails:9
  [1m[35m (0.5ms)[0m  [1m[34mSELECT pg_advisory_unlock(4207878872305656450)[0m
  ↳ bin/rails:9
  [1m[35m (0.3ms)[0m  [1m[34mSELECT "schema_migrations"."version" FROM "schema_migrations" ORDER BY "schema_migrations"."version" ASC[0m
  ↳ bin/rails:9
  [1m[35m (12.6ms)[0m  [1m[35mCREATE DATABASE "Flashcard-App_development" ENCODING = 'unicode'[0m
  ↳ bin/rails:9
  [1m[35m (0.6ms)[0m  [1m[35mCREATE DATABASE "Flashcard-App_test" ENCODING = 'unicode'[0m
  ↳ bin/rails:9
  [1m[35m (0.2ms)[0m  [1m[34mSELECT pg_try_advisory_lock(4207878872305656450)[0m
  ↳ bin/rails:9
  [1m[35m (0.6ms)[0m  [1m[34mSELECT "schema_migrations"."version" FROM "schema_migrations" ORDER BY "schema_migrations"."version" ASC[0m
  ↳ bin/rails:9
  [1m[36mActiveRecord::InternalMetadata Load (0.5ms)[0m  [1m[34mSELECT  "ar_internal_metadata".* FROM "ar_internal_metadata" WHERE "ar_internal_metadata"."key" = $1 LIMIT $2[0m  [["key", "environment"], ["LIMIT", 1]]
  ↳ bin/rails:9
  [1m[35m (0.4ms)[0m  [1m[35mBEGIN[0m
  ↳ bin/rails:9
  [1m[35m (0.3ms)[0m  [1m[35mCOMMIT[0m
  ↳ bin/rails:9
  [1m[35m (0.4ms)[0m  [1m[34mSELECT pg_advisory_unlock(4207878872305656450)[0m
  ↳ bin/rails:9
  [1m[35m (0.3ms)[0m  [1m[34mSELECT "schema_migrations"."version" FROM "schema_migrations" ORDER BY "schema_migrations"."version" ASC[0m
  ↳ bin/rails:9
  [1m[35m (0.3ms)[0m  [1m[34mSELECT pg_try_advisory_lock(4207878872305656450)[0m
  ↳ bin/rails:9
  [1m[35m (0.8ms)[0m  [1m[34mSELECT "schema_migrations"."version" FROM "schema_migrations" ORDER BY "schema_migrations"."version" ASC[0m
  ↳ bin/rails:9
  [1m[36mActiveRecord::InternalMetadata Load (0.3ms)[0m  [1m[34mSELECT  "ar_internal_metadata".* FROM "ar_internal_metadata" WHERE "ar_internal_metadata"."key" = $1 LIMIT $2[0m  [["key", "environment"], ["LIMIT", 1]]
  ↳ bin/rails:9
  [1m[35m (0.4ms)[0m  [1m[35mBEGIN[0m
  ↳ bin/rails:9
  [1m[35m (0.2ms)[0m  [1m[35mCOMMIT[0m
  ↳ bin/rails:9
  [1m[35m (0.4ms)[0m  [1m[34mSELECT pg_advisory_unlock(4207878872305656450)[0m
  ↳ bin/rails:9
  [1m[35m (0.4ms)[0m  [1m[34mSELECT "schema_migrations"."version" FROM "schema_migrations" ORDER BY "schema_migrations"."version" ASC[0m
  ↳ bin/rails:9
  [1m[35m (8.1ms)[0m  [1m[35mCREATE DATABASE "Flashcard-App_development" ENCODING = 'unicode'[0m
  ↳ bin/rails:9
  [1m[35m (0.7ms)[0m  [1m[35mCREATE DATABASE "Flashcard-App_test" ENCODING = 'unicode'[0m
  ↳ bin/rails:9
  [1m[35m (0.2ms)[0m  [1m[34mSELECT pg_try_advisory_lock(4207878872305656450)[0m
  ↳ bin/rails:9
  [1m[35m (1.0ms)[0m  [1m[34mSELECT "schema_migrations"."version" FROM "schema_migrations" ORDER BY "schema_migrations"."version" ASC[0m
  ↳ bin/rails:9
Migrating to AddColumnNameToDecks (20180529150634)
  [1m[35m (0.3ms)[0m  [1m[35mBEGIN[0m
  ↳ bin/rails:9
  [1m[35m (93.2ms)[0m  [1m[35mALTER TABLE "decks" ADD "name" character varying[0m
  ↳ db/migrate/20180529150634_add_column_name_to_decks.rb:3
  [1m[36mActiveRecord::SchemaMigration Create (0.5ms)[0m  [1m[32mINSERT INTO "schema_migrations" ("version") VALUES ($1) RETURNING "version"[0m  [["version", "20180529150634"]]
  ↳ bin/rails:9
  [1m[35m (30.8ms)[0m  [1m[35mCOMMIT[0m
  ↳ bin/rails:9
  [1m[36mActiveRecord::InternalMetadata Load (0.7ms)[0m  [1m[34mSELECT  "ar_internal_metadata".* FROM "ar_internal_metadata" WHERE "ar_internal_metadata"."key" = $1 LIMIT $2[0m  [["key", "environment"], ["LIMIT", 1]]
  ↳ bin/rails:9
  [1m[35m (0.3ms)[0m  [1m[35mBEGIN[0m
  ↳ bin/rails:9
  [1m[35m (0.2ms)[0m  [1m[35mCOMMIT[0m
  ↳ bin/rails:9
  [1m[35m (0.3ms)[0m  [1m[34mSELECT pg_advisory_unlock(4207878872305656450)[0m
  ↳ bin/rails:9
  [1m[35m (0.3ms)[0m  [1m[34mSELECT "schema_migrations"."version" FROM "schema_migrations" ORDER BY "schema_migrations"."version" ASC[0m
  ↳ bin/rails:9
  [1m[35m (1.1ms)[0m  [1m[34mSELECT "schema_migrations"."version" FROM "schema_migrations" ORDER BY "schema_migrations"."version" ASC[0m
  ↳ bin/rails:9
  [1m[35m (0.1ms)[0m  [1m[35mBEGIN[0m
  ↳ db/seeds.rb:9
  [1m[36mDeck Create (27.7ms)[0m  [1m[32mINSERT INTO "decks" ("created_at", "updated_at", "name") VALUES ($1, $2, $3) RETURNING "id"[0m  [["created_at", "2018-05-29 15:28:06.643757"], ["updated_at", "2018-05-29 15:28:06.643757"], ["name", "Test Deck 1"]]
  ↳ db/seeds.rb:9
  [1m[35m (17.1ms)[0m  [1m[35mCOMMIT[0m
  ↳ db/seeds.rb:9
  [1m[35m (0.3ms)[0m  [1m[35mBEGIN[0m
  ↳ db/seeds.rb:9
  [1m[36mDeck Create (0.5ms)[0m  [1m[32mINSERT INTO "decks" ("created_at", "updated_at", "name") VALUES ($1, $2, $3) RETURNING "id"[0m  [["created_at", "2018-05-29 15:28:06.692774"], ["updated_at", "2018-05-29 15:28:06.692774"], ["name", "Test Deck 2"]]
  ↳ db/seeds.rb:9
  [1m[35m (0.6ms)[0m  [1m[35mCOMMIT[0m
  ↳ db/seeds.rb:9
  [1m[35m (0.2ms)[0m  [1m[35mBEGIN[0m
  ↳ db/seeds.rb:9
  [1m[36mDeck Create (0.5ms)[0m  [1m[32mINSERT INTO "decks" ("created_at", "updated_at", "name") VALUES ($1, $2, $3) RETURNING "id"[0m  [["created_at", "2018-05-29 15:28:06.696605"], ["updated_at", "2018-05-29 15:28:06.696605"], ["name", "Test Deck 3"]]
  ↳ db/seeds.rb:9
  [1m[35m (0.6ms)[0m  [1m[35mCOMMIT[0m
  ↳ db/seeds.rb:9
  [1m[35m (0.7ms)[0m  [1m[34mSELECT "schema_migrations"."version" FROM "schema_migrations" ORDER BY "schema_migrations"."version" ASC[0m
  ↳ /usr/local/bin/rake:23
  [1m[35m (2.0ms)[0m  [1m[35mBEGIN[0m
  ↳ db/seeds.rb:9
  [1m[36mDeck Create (1.1ms)[0m  [1m[32mINSERT INTO "decks" ("created_at", "updated_at", "name") VALUES ($1, $2, $3) RETURNING "id"[0m  [["created_at", "2018-05-29 15:28:24.846593"], ["updated_at", "2018-05-29 15:28:24.846593"], ["name", "Test Deck 1"]]
  ↳ db/seeds.rb:9
  [1m[35m (0.7ms)[0m  [1m[35mCOMMIT[0m
  ↳ db/seeds.rb:9
  [1m[35m (0.2ms)[0m  [1m[35mBEGIN[0m
  ↳ db/seeds.rb:9
  [1m[36mDeck Create (0.4ms)[0m  [1m[32mINSERT INTO "decks" ("created_at", "updated_at", "name") VALUES ($1, $2, $3) RETURNING "id"[0m  [["created_at", "2018-05-29 15:28:24.852717"], ["updated_at", "2018-05-29 15:28:24.852717"], ["name", "Test Deck 2"]]
  ↳ db/seeds.rb:9
  [1m[35m (0.5ms)[0m  [1m[35mCOMMIT[0m
  ↳ db/seeds.rb:9
  [1m[35m (0.3ms)[0m  [1m[35mBEGIN[0m
  ↳ db/seeds.rb:9
  [1m[36mDeck Create (0.5ms)[0m  [1m[32mINSERT INTO "decks" ("created_at", "updated_at", "name") VALUES ($1, $2, $3) RETURNING "id"[0m  [["created_at", "2018-05-29 15:28:24.858490"], ["updated_at", "2018-05-29 15:28:24.858490"], ["name", "Test Deck 3"]]
  ↳ db/seeds.rb:9
  [1m[35m (0.7ms)[0m  [1m[35mCOMMIT[0m
  ↳ db/seeds.rb:9
  [1m[35m (0.6ms)[0m  [1m[34mSELECT "schema_migrations"."version" FROM "schema_migrations" ORDER BY "schema_migrations"."version" ASC[0m
  ↳ /usr/local/bin/rake:23
  [1m[36mDeck Load (0.9ms)[0m  [1m[34mSELECT "decks".* FROM "decks"[0m
  ↳ db/seeds.rb:8
  [1m[35m (0.4ms)[0m  [1m[35mBEGIN[0m
  ↳ db/seeds.rb:8
  [1m[36mDeck Destroy (59.7ms)[0m  [1m[31mDELETE FROM "decks" WHERE "decks"."id" = $1[0m  [["id", 1]]
  ↳ db/seeds.rb:8
  [1m[35m (12.9ms)[0m  [1m[35mCOMMIT[0m
  ↳ db/seeds.rb:8
  [1m[35m (0.3ms)[0m  [1m[35mBEGIN[0m
  ↳ db/seeds.rb:8
  [1m[36mDeck Destroy (0.5ms)[0m  [1m[31mDELETE FROM "decks" WHERE "decks"."id" = $1[0m  [["id", 2]]
  ↳ db/seeds.rb:8
  [1m[35m (0.6ms)[0m  [1m[35mCOMMIT[0m
  ↳ db/seeds.rb:8
  [1m[35m (0.2ms)[0m  [1m[35mBEGIN[0m
  ↳ db/seeds.rb:8
  [1m[36mDeck Destroy (0.4ms)[0m  [1m[31mDELETE FROM "decks" WHERE "decks"."id" = $1[0m  [["id", 3]]
  ↳ db/seeds.rb:8
  [1m[35m (1.6ms)[0m  [1m[35mCOMMIT[0m
  ↳ db/seeds.rb:8
  [1m[35m (0.2ms)[0m  [1m[35mBEGIN[0m
  ↳ db/seeds.rb:8
  [1m[36mDeck Destroy (0.4ms)[0m  [1m[31mDELETE FROM "decks" WHERE "decks"."id" = $1[0m  [["id", 4]]
  ↳ db/seeds.rb:8
  [1m[35m (0.6ms)[0m  [1m[35mCOMMIT[0m
  ↳ db/seeds.rb:8
  [1m[35m (0.2ms)[0m  [1m[35mBEGIN[0m
  ↳ db/seeds.rb:8
  [1m[36mDeck Destroy (0.4ms)[0m  [1m[31mDELETE FROM "decks" WHERE "decks"."id" = $1[0m  [["id", 5]]
  ↳ db/seeds.rb:8
  [1m[35m (0.5ms)[0m  [1m[35mCOMMIT[0m
  ↳ db/seeds.rb:8
  [1m[35m (0.2ms)[0m  [1m[35mBEGIN[0m
  ↳ db/seeds.rb:8
  [1m[36mDeck Destroy (0.3ms)[0m  [1m[31mDELETE FROM "decks" WHERE "decks"."id" = $1[0m  [["id", 6]]
  ↳ db/seeds.rb:8
  [1m[35m (0.5ms)[0m  [1m[35mCOMMIT[0m
  ↳ db/seeds.rb:8
  [1m[35m (0.2ms)[0m  [1m[35mBEGIN[0m
  ↳ db/seeds.rb:10
  [1m[36mDeck Create (0.5ms)[0m  [1m[32mINSERT INTO "decks" ("created_at", "updated_at", "name") VALUES ($1, $2, $3) RETURNING "id"[0m  [["created_at", "2018-05-29 15:29:19.680929"], ["updated_at", "2018-05-29 15:29:19.680929"], ["name", "Test Deck 1"]]
  ↳ db/seeds.rb:10
  [1m[35m (0.5ms)[0m  [1m[35mCOMMIT[0m
  ↳ db/seeds.rb:10
  [1m[35m (0.1ms)[0m  [1m[35mBEGIN[0m
  ↳ db/seeds.rb:10
  [1m[36mDeck Create (0.2ms)[0m  [1m[32mINSERT INTO "decks" ("created_at", "updated_at", "name") VALUES ($1, $2, $3) RETURNING "id"[0m  [["created_at", "2018-05-29 15:29:19.683867"], ["updated_at", "2018-05-29 15:29:19.683867"], ["name", "Test Deck 2"]]
  ↳ db/seeds.rb:10
  [1m[35m (0.5ms)[0m  [1m[35mCOMMIT[0m
  ↳ db/seeds.rb:10
  [1m[35m (0.1ms)[0m  [1m[35mBEGIN[0m
  ↳ db/seeds.rb:10
  [1m[36mDeck Create (0.2ms)[0m  [1m[32mINSERT INTO "decks" ("created_at", "updated_at", "name") VALUES ($1, $2, $3) RETURNING "id"[0m  [["created_at", "2018-05-29 15:29:19.685627"], ["updated_at", "2018-05-29 15:29:19.685627"], ["name", "Test Deck 3"]]
  ↳ db/seeds.rb:10
  [1m[35m (0.4ms)[0m  [1m[35mCOMMIT[0m
  ↳ db/seeds.rb:10
Started GET "/decks" for 127.0.0.1 at 2018-05-29 11:32:05 -0400
  [1m[35m (41.5ms)[0m  [1m[34mSELECT "schema_migrations"."version" FROM "schema_migrations" ORDER BY "schema_migrations"."version" ASC[0m
  ↳ /usr/local/lib/ruby/gems/2.5.0/gems/activerecord-5.2.0/lib/active_record/log_subscriber.rb:98
Processing by DecksController#index as */*
Completed 500 Internal Server Error in 36ms (ActiveRecord: 0.0ms)


  
NoMethodError (undefined method `allDecks' for #<Class:0x00007fa15b229990>):
  
app/controllers/decks_controller.rb:3:in `index'
Started GET "/decks" for 127.0.0.1 at 2018-05-29 11:33:11 -0400
Processing by DecksController#index as */*
Completed 500 Internal Server Error in 25ms (ActiveRecord: 0.0ms)


  
NameError (uninitialized constant DecksController::Decks):
  
app/controllers/decks_controller.rb:3:in `index'
Started GET "/decks" for 127.0.0.1 at 2018-05-29 11:35:15 -0400
Processing by DecksController#index as */*
Completed 204 No Content in 17ms (ActiveRecord: 0.0ms)


Started GET "/decks" for 127.0.0.1 at 2018-05-29 11:45:43 -0400
Processing by DecksController#index as */*
Completed 500 Internal Server Error in 30ms (ActiveRecord: 0.0ms)


  
ArgumentError (too few arguments):
  
app/controllers/decks_controller.rb:4:in `format'
app/controllers/decks_controller.rb:4:in `index'
Started GET "/decks" for 127.0.0.1 at 2018-05-29 11:47:03 -0400
Processing by DecksController#index as */*
  [1m[36mDeck Load (0.9ms)[0m  [1m[34mSELECT  "decks".* FROM "decks" LIMIT $1[0m  [["LIMIT", 11]]
  ↳ /usr/local/lib/ruby/gems/2.5.0/gems/did_you_mean-1.2.0/lib/did_you_mean/core_ext/name_error.rb:8
Completed 500 Internal Server Error in 132ms (ActiveRecord: 0.0ms)


  
  [1m[36mCACHE Deck Load (0.0ms)[0m  [1m[34mSELECT  "decks".* FROM "decks" LIMIT $1[0m  [["LIMIT", 11]]
  ↳ /usr/local/lib/ruby/gems/2.5.0/gems/did_you_mean-1.2.0/lib/did_you_mean/core_ext/name_error.rb:8
NoMethodError (undefined method `respond_to' for #<DecksController:0x00007fa15b674540>
Did you mean?  respond_to?):
  
app/controllers/decks_controller.rb:4:in `index'
  [1m[36mCACHE Deck Load (0.0ms)[0m  [1m[34mSELECT  "decks".* FROM "decks" LIMIT $1[0m  [["LIMIT", 11]]
  ↳ /usr/local/lib/ruby/gems/2.5.0/gems/did_you_mean-1.2.0/lib/did_you_mean/core_ext/name_error.rb:8
Started GET "/decks" for 127.0.0.1 at 2018-05-29 11:49:04 -0400
Processing by DecksController#index as */*
  [1m[36mDeck Load (1.0ms)[0m  [1m[34mSELECT "decks".* FROM "decks"[0m
  ↳ app/controllers/decks_controller.rb:3
Completed 200 OK in 37ms (Views: 0.2ms | ActiveRecord: 8.9ms)


Started GET "/decks" for 127.0.0.1 at 2018-05-29 11:49:47 -0400
Processing by DecksController#index as */*
Completed 200 OK in 111ms (Views: 0.3ms | ActiveRecord: 0.0ms)


Started GET "/decks" for 127.0.0.1 at 2018-05-29 11:50:49 -0400
Processing by DecksController#index as */*
Completed 200 OK in 0ms (Views: 0.2ms | ActiveRecord: 0.0ms)


Started GET "/decks" for 127.0.0.1 at 2018-05-29 11:51:00 -0400
Processing by DecksController#index as */*
Completed 200 OK in 0ms (Views: 0.1ms | ActiveRecord: 0.0ms)


Started GET "/decks" for 127.0.0.1 at 2018-05-29 11:51:03 -0400
Processing by DecksController#index as */*
Completed 200 OK in 0ms (Views: 0.1ms | ActiveRecord: 0.0ms)


Started GET "/decks" for 127.0.0.1 at 2018-05-29 11:51:47 -0400
Processing by DecksController#index as */*
Completed 200 OK in 1ms (Views: 0.5ms | ActiveRecord: 0.0ms)


Started GET "/decks" for 127.0.0.1 at 2018-05-29 11:51:50 -0400
Processing by DecksController#index as */*
Completed 200 OK in 0ms (Views: 0.1ms | ActiveRecord: 0.0ms)


Started GET "/decks" for 127.0.0.1 at 2018-05-29 11:53:38 -0400
Processing by DecksController#index as */*
  [1m[36mDeck Load (0.8ms)[0m  [1m[34mSELECT "decks".* FROM "decks"[0m
  ↳ app/controllers/decks_controller.rb:3
Completed 200 OK in 56ms (Views: 0.1ms | ActiveRecord: 10.6ms)


Started GET "/decks" for 127.0.0.1 at 2018-05-29 11:54:10 -0400
Processing by DecksController#index as */*
  [1m[36mDeck Load (0.5ms)[0m  [1m[34mSELECT "decks".* FROM "decks"[0m
  ↳ app/controllers/decks_controller.rb:3
Completed 200 OK in 3ms (Views: 0.2ms | ActiveRecord: 0.5ms)


Started GET "/decks" for 127.0.0.1 at 2018-05-29 11:55:08 -0400
Processing by DecksController#index as */*
  [1m[36mDeck Load (0.9ms)[0m  [1m[34mSELECT "decks".* FROM "decks"[0m
  ↳ app/controllers/decks_controller.rb:3
Completed 200 OK in 6ms (Views: 0.4ms | ActiveRecord: 0.9ms)


Started GET "/decks" for 127.0.0.1 at 2018-05-29 11:56:10 -0400
Processing by DecksController#index as */*
  [1m[36mDeck Load (0.6ms)[0m  [1m[34mSELECT "decks".* FROM "decks"[0m
  ↳ app/controllers/decks_controller.rb:3
Completed 200 OK in 57ms (Views: 0.4ms | ActiveRecord: 12.0ms)


Started GET "/decks" for 127.0.0.1 at 2018-05-29 11:56:26 -0400
Processing by DecksController#index as */*
Completed 200 OK in 55ms (Views: 0.2ms | ActiveRecord: 0.0ms)


Started GET "/decks" for 127.0.0.1 at 2018-05-29 11:57:55 -0400
Processing by DecksController#index as */*
  [1m[36mDeck Load (0.6ms)[0m  [1m[34mSELECT "decks".* FROM "decks"[0m
  ↳ app/controllers/decks_controller.rb:4
Completed 200 OK in 62ms (Views: 0.2ms | ActiveRecord: 6.6ms)


Started GET "/decks" for 127.0.0.1 at 2018-05-29 11:59:10 -0400
Processing by DecksController#index as */*
  [1m[36mDeck Load (0.6ms)[0m  [1m[34mSELECT "decks".* FROM "decks"[0m
  ↳ app/controllers/decks_controller.rb:4
Completed 200 OK in 6ms (Views: 0.4ms | ActiveRecord: 0.6ms)


Started GET "/decks" for 127.0.0.1 at 2018-05-29 11:59:24 -0400
Processing by DecksController#index as */*
  [1m[36mDeck Load (0.6ms)[0m  [1m[34mSELECT "decks".* FROM "decks"[0m
  ↳ app/controllers/decks_controller.rb:4
Completed 200 OK in 6ms (Views: 0.1ms | ActiveRecord: 0.6ms)


Started GET "/decks" for 127.0.0.1 at 2018-05-29 11:59:50 -0400
Processing by DecksController#index as */*
  [1m[36mDeck Load (0.5ms)[0m  [1m[34mSELECT "decks".* FROM "decks"[0m
  ↳ app/controllers/decks_controller.rb:4
Completed 200 OK in 26ms (Views: 0.1ms | ActiveRecord: 0.5ms)


Started GET "/decks" for 127.0.0.1 at 2018-05-29 12:40:15 -0400
  [1m[35m (41.7ms)[0m  [1m[34mSELECT "schema_migrations"."version" FROM "schema_migrations" ORDER BY "schema_migrations"."version" ASC[0m
  ↳ /usr/local/lib/ruby/gems/2.5.0/gems/activerecord-5.2.0/lib/active_record/log_subscriber.rb:98
Processing by DecksController#index as */*
  [1m[36mDeck Load (1.3ms)[0m  [1m[34mSELECT "decks".* FROM "decks"[0m
  ↳ app/controllers/decks_controller.rb:4
Completed 200 OK in 53ms (Views: 30.3ms | ActiveRecord: 7.4ms)


Started GET "/decks" for 127.0.0.1 at 2018-05-29 12:43:21 -0400
Started GET "/decks" for 127.0.0.1 at 2018-05-29 12:43:31 -0400
Processing by DecksController#index as */*
  [1m[36mDeck Load (1.3ms)[0m  [1m[34mSELECT "decks".* FROM "decks"[0m
  ↳ app/controllers/decks_controller.rb:4
Completed 200 OK in 76ms (Views: 12.8ms | ActiveRecord: 11.0ms)


Processing by DecksController#index as */*
  [1m[36mDeck Load (0.4ms)[0m  [1m[34mSELECT "decks".* FROM "decks"[0m
  ↳ app/controllers/decks_controller.rb:4
Completed 200 OK in 26ms (Views: 7.3ms | ActiveRecord: 3.7ms)


Started GET "/decks" for 127.0.0.1 at 2018-05-29 12:43:58 -0400
Processing by DecksController#index as */*
  [1m[36mDeck Load (0.6ms)[0m  [1m[34mSELECT "decks".* FROM "decks"[0m
  ↳ app/controllers/decks_controller.rb:4
Completed 200 OK in 8ms (Views: 7.4ms | ActiveRecord: 0.6ms)


Started GET "/decks" for 127.0.0.1 at 2018-05-29 12:45:07 -0400
Processing by DecksController#index as */*
  [1m[36mDeck Load (0.5ms)[0m  [1m[34mSELECT "decks".* FROM "decks"[0m
  ↳ app/controllers/decks_controller.rb:5
Completed 200 OK in 51ms (Views: 8.7ms | ActiveRecord: 9.8ms)


Started GET "/decks" for 127.0.0.1 at 2018-05-29 12:46:45 -0400
  [1m[35m (0.9ms)[0m  [1m[34mSELECT "schema_migrations"."version" FROM "schema_migrations" ORDER BY "schema_migrations"."version" ASC[0m
  ↳ /usr/local/lib/ruby/gems/2.5.0/gems/activerecord-5.2.0/lib/active_record/log_subscriber.rb:98
Processing by DecksController#index as */*
  [1m[36mDeck Load (1.1ms)[0m  [1m[34mSELECT "decks".* FROM "decks"[0m
  ↳ app/controllers/decks_controller.rb:4
Completed 200 OK in 103ms (Views: 30.0ms | ActiveRecord: 8.8ms)


Started GET "/decks" for 127.0.0.1 at 2018-05-29 12:50:09 -0400
Started GET "/decks" for 127.0.0.1 at 2018-05-29 12:50:20 -0400
Processing by DecksController#index as */*
  [1m[36mDeck Load (1.1ms)[0m  [1m[34mSELECT "decks".* FROM "decks"[0m
  ↳ app/controllers/decks_controller.rb:4
Completed 200 OK in 97ms (Views: 14.3ms | ActiveRecord: 11.1ms)


Processing by DecksController#index as */*
  [1m[36mDeck Load (0.4ms)[0m  [1m[34mSELECT "decks".* FROM "decks"[0m
  ↳ app/controllers/decks_controller.rb:4
Completed 200 OK in 17ms (Views: 11.5ms | ActiveRecord: 3.8ms)


Started GET "/decks" for 127.0.0.1 at 2018-05-29 12:50:57 -0400
Processing by DecksController#index as */*
  [1m[36mDeck Load (0.6ms)[0m  [1m[34mSELECT "decks".* FROM "decks"[0m
  ↳ app/controllers/decks_controller.rb:4
Completed 200 OK in 12ms (Views: 10.6ms | ActiveRecord: 0.6ms)


Started GET "/decks" for 127.0.0.1 at 2018-05-29 12:51:39 -0400
Processing by DecksController#index as */*
  [1m[36mDeck Load (0.9ms)[0m  [1m[34mSELECT "decks".* FROM "decks"[0m
  ↳ app/controllers/decks_controller.rb:4
Completed 200 OK in 18ms (Views: 16.0ms | ActiveRecord: 0.9ms)


Started GET "/decks" for 127.0.0.1 at 2018-05-29 12:52:04 -0400
Processing by DecksController#index as */*
  [1m[36mDeck Load (0.7ms)[0m  [1m[34mSELECT "decks".* FROM "decks"[0m
  ↳ app/controllers/decks_controller.rb:4
Completed 200 OK in 7ms (Views: 5.6ms | ActiveRecord: 0.7ms)


Started GET "/decks" for 127.0.0.1 at 2018-05-29 12:52:22 -0400
Processing by DecksController#index as */*
  [1m[36mDeck Load (0.5ms)[0m  [1m[34mSELECT "decks".* FROM "decks"[0m
  ↳ app/controllers/decks_controller.rb:4
Completed 200 OK in 17ms (Views: 15.6ms | ActiveRecord: 0.5ms)


